<?xml version="1.0" encoding="UTF-8"?>
<!-- Generated by org.testng.reporters.JUnitXMLReporter -->
<testsuite ignored="0" hostname="DESKTOP-510IN1N" failures="1" tests="1" name="Default test(failed)" time="23.436" errors="0" timestamp="2023-10-01T22:16:09 IST">
  <testcase classname="hanss_rh_framework.eCommerce_tc6_final_Hybrid_Framework" name="FillForm" time="15.265">
    <failure type="java.lang.NullPointerException" message="Cannot invoke &amp;quot;java.util.List.size()&amp;quot; because &amp;quot;this.productList&amp;quot; is null">
      <![CDATA[java.lang.NullPointerException: Cannot invoke "java.util.List.size()" because "this.productList" is null
at hanss_rh_framework.pageObjects.android.CartPage.getProductsSum(CartPage.java:51)
at hanss_rh_framework.eCommerce_tc6_final_Hybrid_Framework.FillForm(eCommerce_tc6_final_Hybrid_Framework.java:37)
at java.base/java.util.ArrayList.forEach(ArrayList.java:1511)
... Removed 27 stack frames]]>
    </failure>
  </testcase> <!-- FillForm -->
</testsuite> <!-- Default test(failed) -->
