<?xml version="1.0" encoding="UTF-8"?>
<!-- Generated by org.testng.reporters.JUnitXMLReporter -->
<testsuite ignored="0" hostname="DESKTOP-510IN1N" failures="0" tests="0" name="App Installation and Aspiration Selection positive and negativr cases" time="7.78" errors="0" timestamp="2024-04-17T17:35:34 IST">
  <testcase classname="hanss_rh_framework.BaseTestInnergy" name="@BeforeClass ConfigureAppium" time="6.761">
    <failure type="org.openqa.selenium.SessionNotCreatedException" message="Could not start a new session. Response code 500. Message: An unknown server-side error occurred while processing the command. Original error: Error getting device API level. Original error: Error executing adbExec. Original error: &amp;apos;Command &amp;apos;C:\\Users\\rSTAR_User.DESKTOP-510IN1N\\AppData\\Local\\Android\\Sdk\\platform-tools\\adb.exe -P 5037 -s RZ8M62P5AMA shell getprop ro.build.version.sdk&amp;apos; exited with code 1&amp;apos;; Command output: adb.exe: device unauthorized.
This adb server&amp;apos;s $ADB_VENDOR_KEYS is not set
Try &amp;apos;adb kill-server&amp;apos; if that seems wrong.
Otherwise check for a confirmation dialog on your device.
 
Host info: host: &amp;apos;DESKTOP-510IN1N&amp;apos;, ip: &amp;apos;192.168.1.10&amp;apos;
Build info: version: &amp;apos;4.13.0&amp;apos;, revision: &amp;apos;ba948ece5b*&amp;apos;
System info: os.name: &amp;apos;Windows 11&amp;apos;, os.arch: &amp;apos;amd64&amp;apos;, os.version: &amp;apos;10.0&amp;apos;, java.version: &amp;apos;17.0.7&amp;apos;
Driver info: io.appium.java_client.android.AndroidDriver
Command: [null, newSession {capabilities=[{appium:autoGrantPermissions=true, appium:autoAcceptAlerts=true, appium:chromedriverExecutable=C:\Users\rSTAR_User.DESKTOP-510IN1N\Downloads\chromedriver_win32\chromedriver.exe, appium:autoDismissAlerts=true, appium:deviceName=Galaxy A50, platformName=ANDROID, appium:automationName=UIAutomator2, appium:app=C:\Users\rSTAR_User.DESKTOP-510IN1N\eclipse-workspace\AppiumFrameworkDesignI2\src\main\java\resources\app-release495.apk}], desiredCapabilities=Capabilities {appium:app: C:\Users\rSTAR_User.DESKTOP..., appium:autoAcceptAlerts: true, appium:autoDismissAlerts: true, appium:autoGrantPermissions: true, appium:automationName: UIAutomator2, appium:chromedriverExecutable: C:\Users\rSTAR_User.DESKTOP..., appium:deviceName: Galaxy A50, platformName: ANDROID}}]
Capabilities {appium:app: C:\Users\rSTAR_User.DESKTOP..., appium:autoAcceptAlerts: true, appium:autoDismissAlerts: true, appium:autoGrantPermissions: true, appium:automationName: UIAutomator2, appium:chromedriverExecutable: C:\Users\rSTAR_User.DESKTOP..., appium:deviceName: Galaxy A50, platformName: ANDROID}">
      <![CDATA[org.openqa.selenium.SessionNotCreatedException: Could not start a new session. Response code 500. Message: An unknown server-side error occurred while processing the command. Original error: Error getting device API level. Original error: Error executing adbExec. Original error: 'Command 'C:\\Users\\rSTAR_User.DESKTOP-510IN1N\\AppData\\Local\\Android\\Sdk\\platform-tools\\adb.exe -P 5037 -s RZ8M62P5AMA shell getprop ro.build.version.sdk' exited with code 1'; Command output: adb.exe: device unauthorized.
This adb server's $ADB_VENDOR_KEYS is not set
Try 'adb kill-server' if that seems wrong.
Otherwise check for a confirmation dialog on your device.
 
Host info: host: 'DESKTOP-510IN1N', ip: '192.168.1.10'
Build info: version: '4.13.0', revision: 'ba948ece5b*'
System info: os.name: 'Windows 11', os.arch: 'amd64', os.version: '10.0', java.version: '17.0.7'
Driver info: io.appium.java_client.android.AndroidDriver
Command: [null, newSession {capabilities=[{appium:autoGrantPermissions=true, appium:autoAcceptAlerts=true, appium:chromedriverExecutable=C:\Users\rSTAR_User.DESKTOP-510IN1N\Downloads\chromedriver_win32\chromedriver.exe, appium:autoDismissAlerts=true, appium:deviceName=Galaxy A50, platformName=ANDROID, appium:automationName=UIAutomator2, appium:app=C:\Users\rSTAR_User.DESKTOP-510IN1N\eclipse-workspace\AppiumFrameworkDesignI2\src\main\java\resources\app-release495.apk}], desiredCapabilities=Capabilities {appium:app: C:\Users\rSTAR_User.DESKTOP..., appium:autoAcceptAlerts: true, appium:autoDismissAlerts: true, appium:autoGrantPermissions: true, appium:automationName: UIAutomator2, appium:chromedriverExecutable: C:\Users\rSTAR_User.DESKTOP..., appium:deviceName: Galaxy A50, platformName: ANDROID}}]
Capabilities {appium:app: C:\Users\rSTAR_User.DESKTOP..., appium:autoAcceptAlerts: true, appium:autoDismissAlerts: true, appium:autoGrantPermissions: true, appium:automationName: UIAutomator2, appium:chromedriverExecutable: C:\Users\rSTAR_User.DESKTOP..., appium:deviceName: Galaxy A50, platformName: ANDROID}
at org.openqa.selenium.remote.ProtocolHandshake.createSession(ProtocolHandshake.java:140)
at io.appium.java_client.remote.AppiumProtocolHandshake.createSession(AppiumProtocolHandshake.java:133)
at io.appium.java_client.remote.AppiumProtocolHandshake.createSession(AppiumProtocolHandshake.java:102)
at io.appium.java_client.remote.AppiumCommandExecutor.createSession(AppiumCommandExecutor.java:182)
at io.appium.java_client.remote.AppiumCommandExecutor.execute(AppiumCommandExecutor.java:250)
at org.openqa.selenium.remote.RemoteWebDriver.execute(RemoteWebDriver.java:602)
at io.appium.java_client.AppiumDriver.startSession(AppiumDriver.java:274)
at org.openqa.selenium.remote.RemoteWebDriver.<init>(RemoteWebDriver.java:163)
at io.appium.java_client.AppiumDriver.<init>(AppiumDriver.java:89)
at io.appium.java_client.AppiumDriver.<init>(AppiumDriver.java:101)
at io.appium.java_client.android.AndroidDriver.<init>(AndroidDriver.java:113)
at hanss_rh_framework.BaseTestInnergy.ConfigureAppium(BaseTestInnergy.java:61)
at java.base/java.util.ArrayList.forEach(ArrayList.java:1511)
... Removed 29 stack frames]]>
    </failure>
  </testcase> <!-- @BeforeClass ConfigureAppium -->
  <testcase classname="hanss_rh_framework.AspirationSelection" name="@BeforeMethod preSetup" time="0.731">
    <failure type="java.lang.NullPointerException" message="Cannot invoke &amp;quot;io.appium.java_client.android.AndroidDriver.startActivity(io.appium.java_client.android.Activity)&amp;quot; because &amp;quot;this.driver&amp;quot; is null">
      <![CDATA[java.lang.NullPointerException: Cannot invoke "io.appium.java_client.android.AndroidDriver.startActivity(io.appium.java_client.android.Activity)" because "this.driver" is null
at hanss_rh_framework.pageObjects.android.AspirationPage.setAppActivity(AspirationPage.java:123)
at hanss_rh_framework.AspirationSelection.preSetup(AspirationSelection.java:45)
at java.base/java.util.ArrayList.forEach(ArrayList.java:1511)
... Removed 31 stack frames]]>
    </failure>
  </testcase> <!-- @BeforeMethod preSetup -->
  <testcase classname="hanss_rh_framework.BaseTestInnergy" name="@AfterClass tearDown" time="0.0">
    <failure type="java.lang.NullPointerException" message="Cannot invoke &amp;quot;io.appium.java_client.android.AndroidDriver.quit()&amp;quot; because &amp;quot;this.driver&amp;quot; is null">
      <![CDATA[java.lang.NullPointerException: Cannot invoke "io.appium.java_client.android.AndroidDriver.quit()" because "this.driver" is null
at hanss_rh_framework.BaseTestInnergy.tearDown(BaseTestInnergy.java:76)
at java.base/java.util.ArrayList.forEach(ArrayList.java:1511)
... Removed 26 stack frames]]>
    </failure>
  </testcase> <!-- @AfterClass tearDown -->
</testsuite> <!-- App Installation and Aspiration Selection positive and negativr cases -->
