<?xml version="1.0" encoding="UTF-8"?>
<!-- Generated by org.testng.reporters.JUnitXMLReporter -->
<testsuite ignored="0" hostname="DESKTOP-510IN1N" failures="0" tests="2" name="DataDrivenHybrid_Framework_End_to_End_Test" time="136.3" errors="0" timestamp="2024-02-05T23:51:48 IST">
  <testcase classname="hanss_rh_framework.DataeCommerce_tc6_final_Hybrid_Framework" name="FillFormAddMutliItemsValidateSameinCart" time="75.132"/>
  <testcase classname="hanss_rh_framework.DataeCommerce_tc6_final_Hybrid_Framework" name="FillFormAddMutliItemsValidateSameinCart" time="46.393"/>
</testsuite> <!-- DataDrivenHybrid_Framework_End_to_End_Test -->
