<?xml version="1.0" encoding="UTF-8"?>
<testng-results ignored="0" total="1" passed="0" failed="1" skipped="0">
  <reporter-output>
  </reporter-output>
  <suite started-at="2024-07-16T17:33:14 IST" name="Default suite" finished-at="2024-07-16T17:37:04 IST" duration-ms="230374">
    <groups>
      <group name="Smoke">
        <method signature="Profile.profilePage(java.util.HashMap)[pri:0, instance:hanss_rh_framework.Profile@6d4d66d2]" name="profilePage" class="hanss_rh_framework.Profile"/>
      </group> <!-- Smoke -->
    </groups>
    <test started-at="2024-07-16T17:33:14 IST" name="Default test" finished-at="2024-07-16T17:37:04 IST" duration-ms="230374">
      <class name="hanss_rh_framework.Profile">
        <test-method is-config="true" signature="ConfigureAppium()[pri:0, instance:hanss_rh_framework.Profile@6d4d66d2]" started-at="2024-07-16T17:33:14 IST" name="ConfigureAppium" finished-at="2024-07-16T17:33:44 IST" duration-ms="30486" status="PASS">
          <reporter-output>
          </reporter-output>
        </test-method> <!-- ConfigureAppium -->
        <test-method is-config="true" signature="preSetup()[pri:0, instance:hanss_rh_framework.Profile@6d4d66d2]" started-at="2024-07-16T17:33:45 IST" name="preSetup" finished-at="2024-07-16T17:33:47 IST" duration-ms="2377" status="PASS">
          <reporter-output>
          </reporter-output>
        </test-method> <!-- preSetup -->
        <test-method signature="profilePage(java.util.HashMap)[pri:0, instance:hanss_rh_framework.Profile@6d4d66d2]" started-at="2024-07-16T17:33:47 IST" name="profilePage" data-provider="getData" finished-at="2024-07-16T17:37:03 IST" duration-ms="195655" status="FAIL">
          <params>
            <param index="0">
              <value>
                <![CDATA[{Content2=Your Guiding Values, Content1=Full Body Functional Workout, Content3=Kids Yoga: Save Baby Bird}]]>
              </value>
            </param>
          </params>
          <exception class="org.openqa.selenium.NoSuchElementException">
            <message>
              <![CDATA[An element could not be located on the page using the given search parameters.
For documentation on this error, please visit: https://www.selenium.dev/documentation/webdriver/troubleshooting/errors#no-such-element-exception
Build info: version: '4.13.0', revision: 'ba948ece5b*'
System info: os.name: 'Windows 11', os.arch: 'amd64', os.version: '10.0', java.version: '17.0.10'
Driver info: io.appium.java_client.android.AndroidDriver
Command: [53dacb85-06a9-4798-9c37-07c6bfa060a1, findElement {using=-android uiautomator, value=new UiSelector().textContains("Showing")}]
Capabilities {appium:appActivity: com.rstar.innergy.MainActivity, appium:appPackage: com.rstar.innergy, appium:autoAcceptAlerts: true, appium:autoDismissAlerts: true, appium:autoGrantPermissions: true, appium:automationName: UIAutomator2, appium:databaseEnabled: false, appium:desired: {appActivity: com.rstar.innergy.MainActivity, appPackage: com.rstar.innergy, autoAcceptAlerts: true, autoDismissAlerts: true, autoGrantPermissions: true, automationName: UIAutomator2, deviceName: rh_pixel2a, noReset: true, platformName: ANDROID}, appium:deviceApiLevel: 34, appium:deviceManufacturer: Google, appium:deviceModel: sdk_gphone64_x86_64, appium:deviceName: emulator-5554, appium:deviceScreenDensity: 480, appium:deviceScreenSize: 1344x2992, appium:deviceUDID: emulator-5554, appium:javascriptEnabled: true, appium:locationContextEnabled: false, appium:networkConnectionEnabled: true, appium:noReset: true, appium:pixelRatio: 3, appium:platformVersion: 14, appium:statBarHeight: 151, appium:takesScreenshot: true, appium:viewportRect: {height: 2841, left: 0, top: 151, width: 1344}, appium:warnings: {}, appium:webStorageEnabled: false, platformName: ANDROID}
Session ID: 53dacb85-06a9-4798-9c37-07c6bfa060a1]]>
            </message>
            <full-stacktrace>
              <![CDATA[org.openqa.selenium.NoSuchElementException: An element could not be located on the page using the given search parameters.
For documentation on this error, please visit: https://www.selenium.dev/documentation/webdriver/troubleshooting/errors#no-such-element-exception
Build info: version: '4.13.0', revision: 'ba948ece5b*'
System info: os.name: 'Windows 11', os.arch: 'amd64', os.version: '10.0', java.version: '17.0.10'
Driver info: io.appium.java_client.android.AndroidDriver
Command: [53dacb85-06a9-4798-9c37-07c6bfa060a1, findElement {using=-android uiautomator, value=new UiSelector().textContains("Showing")}]
Capabilities {appium:appActivity: com.rstar.innergy.MainActivity, appium:appPackage: com.rstar.innergy, appium:autoAcceptAlerts: true, appium:autoDismissAlerts: true, appium:autoGrantPermissions: true, appium:automationName: UIAutomator2, appium:databaseEnabled: false, appium:desired: {appActivity: com.rstar.innergy.MainActivity, appPackage: com.rstar.innergy, autoAcceptAlerts: true, autoDismissAlerts: true, autoGrantPermissions: true, automationName: UIAutomator2, deviceName: rh_pixel2a, noReset: true, platformName: ANDROID}, appium:deviceApiLevel: 34, appium:deviceManufacturer: Google, appium:deviceModel: sdk_gphone64_x86_64, appium:deviceName: emulator-5554, appium:deviceScreenDensity: 480, appium:deviceScreenSize: 1344x2992, appium:deviceUDID: emulator-5554, appium:javascriptEnabled: true, appium:locationContextEnabled: false, appium:networkConnectionEnabled: true, appium:noReset: true, appium:pixelRatio: 3, appium:platformVersion: 14, appium:statBarHeight: 151, appium:takesScreenshot: true, appium:viewportRect: {height: 2841, left: 0, top: 151, width: 1344}, appium:warnings: {}, appium:webStorageEnabled: false, platformName: ANDROID}
Session ID: 53dacb85-06a9-4798-9c37-07c6bfa060a1
at jdk.internal.reflect.GeneratedConstructorAccessor16.newInstance(Unknown Source)
at java.base/jdk.internal.reflect.DelegatingConstructorAccessorImpl.newInstance(DelegatingConstructorAccessorImpl.java:45)
at java.base/java.lang.reflect.Constructor.newInstanceWithCaller(Constructor.java:499)
at java.base/java.lang.reflect.Constructor.newInstance(Constructor.java:480)
at org.openqa.selenium.remote.codec.w3c.W3CHttpResponseCodec.createException(W3CHttpResponseCodec.java:200)
at org.openqa.selenium.remote.codec.w3c.W3CHttpResponseCodec.decode(W3CHttpResponseCodec.java:133)
at org.openqa.selenium.remote.codec.w3c.W3CHttpResponseCodec.decode(W3CHttpResponseCodec.java:52)
at org.openqa.selenium.remote.HttpCommandExecutor.execute(HttpCommandExecutor.java:191)
at io.appium.java_client.remote.AppiumCommandExecutor.execute(AppiumCommandExecutor.java:250)
at org.openqa.selenium.remote.RemoteWebDriver.execute(RemoteWebDriver.java:602)
at org.openqa.selenium.remote.ElementLocation$ElementFinder$2.findElement(ElementLocation.java:165)
at org.openqa.selenium.remote.ElementLocation.findElement(ElementLocation.java:66)
at org.openqa.selenium.remote.RemoteWebDriver.findElement(RemoteWebDriver.java:359)
at org.openqa.selenium.remote.RemoteWebDriver.findElement(RemoteWebDriver.java:353)
at hanss_rh_framework.Profile.profilePage(Profile.java:55)
at java.base/jdk.internal.reflect.NativeMethodAccessorImpl.invoke0(Native Method)
at java.base/jdk.internal.reflect.NativeMethodAccessorImpl.invoke(NativeMethodAccessorImpl.java:77)
at java.base/jdk.internal.reflect.DelegatingMethodAccessorImpl.invoke(DelegatingMethodAccessorImpl.java:43)
at java.base/java.lang.reflect.Method.invoke(Method.java:568)
at org.testng.internal.MethodInvocationHelper.invokeMethod(MethodInvocationHelper.java:133)
at org.testng.internal.TestInvoker.invokeMethod(TestInvoker.java:598)
at org.testng.internal.TestInvoker.invokeTestMethod(TestInvoker.java:173)
at org.testng.internal.MethodRunner.runInSequence(MethodRunner.java:46)
at org.testng.internal.TestInvoker$MethodInvocationAgent.invoke(TestInvoker.java:824)
at org.testng.internal.TestInvoker.invokeTestMethods(TestInvoker.java:146)
at org.testng.internal.TestMethodWorker.invokeTestMethods(TestMethodWorker.java:146)
at org.testng.internal.TestMethodWorker.run(TestMethodWorker.java:128)
at java.base/java.util.ArrayList.forEach(ArrayList.java:1511)
at org.testng.TestRunner.privateRun(TestRunner.java:794)
at org.testng.TestRunner.run(TestRunner.java:596)
at org.testng.SuiteRunner.runTest(SuiteRunner.java:377)
at org.testng.SuiteRunner.runSequentially(SuiteRunner.java:371)
at org.testng.SuiteRunner.privateRun(SuiteRunner.java:332)
at org.testng.SuiteRunner.run(SuiteRunner.java:276)
at org.testng.SuiteRunnerWorker.runSuite(SuiteRunnerWorker.java:53)
at org.testng.SuiteRunnerWorker.run(SuiteRunnerWorker.java:96)
at org.testng.TestNG.runSuitesSequentially(TestNG.java:1212)
at org.testng.TestNG.runSuitesLocally(TestNG.java:1134)
at org.testng.TestNG.runSuites(TestNG.java:1063)
at org.testng.TestNG.run(TestNG.java:1031)
at org.testng.remote.AbstractRemoteTestNG.run(AbstractRemoteTestNG.java:115)
at org.testng.remote.RemoteTestNG.initAndRun(RemoteTestNG.java:293)
at org.testng.remote.RemoteTestNG.main(RemoteTestNG.java:91)
]]>
            </full-stacktrace>
          </exception> <!-- org.openqa.selenium.NoSuchElementException -->
          <reporter-output>
          </reporter-output>
        </test-method> <!-- profilePage -->
        <test-method is-config="true" signature="tearDown()[pri:0, instance:hanss_rh_framework.Profile@6d4d66d2]" started-at="2024-07-16T17:37:03 IST" name="tearDown" finished-at="2024-07-16T17:37:04 IST" duration-ms="1391" status="PASS">
          <reporter-output>
          </reporter-output>
        </test-method> <!-- tearDown -->
      </class> <!-- hanss_rh_framework.Profile -->
    </test> <!-- Default test -->
  </suite> <!-- Default suite -->
</testng-results>
